<?xml version="1.0" encoding="UTF-8"?>
<!-- Generated by org.testng.reporters.JUnitReportReporter -->
<testsuite hostname="DESKTOP-0T7R0CE" failures="0" tests="1" name="Ganeshjai.ganeshjai.sam" time="0.534" errors="0" timestamp="2023-04-03T22:17:19 IST" skipped="0">
  <testcase classname="Ganeshjai.ganeshjai.sam" name="click" time="0.534"/>
  <system-out/>
</testsuite> <!-- Ganeshjai.ganeshjai.sam -->
